<?xml version="1.0" encoding="UTF-8"?>
<!-- Generated by org.testng.reporters.JUnitReportReporter -->
<testsuite hostname="ps-pc-038" name="pack_test.TestCount" tests="1" failures="1" timestamp="6 Dec 2012 14:42:21 GMT" time="10.525" errors="0">
  <testcase name="TestStart" time="10.525" classname="pack_test.TestCount">
    <failure type="org.openqa.selenium.InvalidSelectorException" message="The given selector //a[@class=&#039;x-tree-node-anchor&#039;]/span[contains(text(),јвто и мото&#039;)] is either invalid or does not result in a WebElement. The following error occurred:
[InvalidSelectorError] Unable to locate an element with the xpath expression //a[@class=&#039;x-tree-node-anchor&#039;]/span[contains(text(),јвто и мото&#039;)] because of the following error:
[Exception... &quot;The expression is not a legal expression.&quot;  code: &quot;12&quot; nsresult: &quot;0x805b0033 (SyntaxError)&quot;  location: &quot;file:///C:/Windows/TEMP/anonymous3870395526119844890webdriver-profile/extensions/fxdriver@googlecode.com/components/driver_component.js Line: 2776&quot;]
Command duration or timeout: 0 milliseconds
For documentation on this error, please visit: http://seleniumhq.org/exceptions/invalid_selector_exception.html
Build info: version: &#039;2.25.0&#039;, revision: &#039;17482&#039;, time: &#039;2012-07-18 22:18:01&#039;
System info: os.name: &#039;Windows 7&#039;, os.arch: &#039;x86&#039;, os.version: &#039;6.1&#039;, java.version: &#039;1.7.0&#039;
Driver info: driver.version: EventFiringWebDriver
Session ID: 2b86a926-415e-4558-be39-197ac4e2aeb9">
      <![CDATA[org.openqa.selenium.InvalidSelectorException: The given selector //a[@class='x-tree-node-anchor']/span[contains(text(),јвто и мото')] is either invalid or does not result in a WebElement. The following error occurred:
[InvalidSelectorError] Unable to locate an element with the xpath expression //a[@class='x-tree-node-anchor']/span[contains(text(),јвто и мото')] because of the following error:
[Exception... "The expression is not a legal expression."  code: "12" nsresult: "0x805b0033 (SyntaxError)"  location: "file:///C:/Windows/TEMP/anonymous3870395526119844890webdriver-profile/extensions/fxdriver@googlecode.com/components/driver_component.js Line: 2776"]
Command duration or timeout: 0 milliseconds
For documentation on this error, please visit: http://seleniumhq.org/exceptions/invalid_selector_exception.html
Build info: version: '2.25.0', revision: '17482', time: '2012-07-18 22:18:01'
System info: os.name: 'Windows 7', os.arch: 'x86', os.version: '6.1', java.version: '1.7.0'
Driver info: driver.version: EventFiringWebDriver
Session ID: 2b86a926-415e-4558-be39-197ac4e2aeb9
	at sun.reflect.NativeConstructorAccessorImpl.newInstance0(Native Method)
	at sun.reflect.NativeConstructorAccessorImpl.newInstance(NativeConstructorAccessorImpl.java:57)
	at sun.reflect.DelegatingConstructorAccessorImpl.newInstance(DelegatingConstructorAccessorImpl.java:45)
	at java.lang.reflect.Constructor.newInstance(Constructor.java:525)
	at org.openqa.selenium.remote.ErrorHandler.createThrowable(ErrorHandler.java:188)
	at org.openqa.selenium.remote.ErrorHandler.throwIfResponseFailed(ErrorHandler.java:145)
	at org.openqa.selenium.remote.RemoteWebDriver.execute(RemoteWebDriver.java:498)
	at org.openqa.selenium.remote.RemoteWebDriver.findElement(RemoteWebDriver.java:268)
	at org.openqa.selenium.remote.RemoteWebDriver.findElementByXPath(RemoteWebDriver.java:353)
	at org.openqa.selenium.By$ByXPath.findElement(By.java:343)
	at org.openqa.selenium.remote.RemoteWebDriver.findElement(RemoteWebDriver.java:260)
	at sun.reflect.GeneratedMethodAccessor6.invoke(Unknown Source)
	at sun.reflect.DelegatingMethodAccessorImpl.invoke(DelegatingMethodAccessorImpl.java:43)
	at java.lang.reflect.Method.invoke(Method.java:601)
	at org.openqa.selenium.support.events.EventFiringWebDriver$2.invoke(EventFiringWebDriver.java:101)
	at $Proxy7.findElement(Unknown Source)
	at org.openqa.selenium.support.events.EventFiringWebDriver.findElement(EventFiringWebDriver.java:180)
	at org.openqa.selenium.support.pagefactory.DefaultElementLocator.findElement(DefaultElementLocator.java:59)
	at org.openqa.selenium.support.pagefactory.internal.LocatingElementHandler.invoke(LocatingElementHandler.java:34)
	at $Proxy9.getCoordinates(Unknown Source)
	at org.openqa.selenium.interactions.internal.MouseAction.getActionLocation(MouseAction.java:40)
	at org.openqa.selenium.interactions.internal.MouseAction.moveToLocation(MouseAction.java:47)
	at org.openqa.selenium.interactions.DoubleClickAction.perform(DoubleClickAction.java:36)
	at org.openqa.selenium.interactions.CompositeAction.perform(CompositeAction.java:31)
	at pack_page.Page.DoubleClickElement(Page.java:172)
	at pack_page.Page_Stargate.OpenFormCreateAdvertAuto(Page_Stargate.java:159)
	at pack_test.TestCount.TestStart(TestCount.java:61)
	at sun.reflect.NativeMethodAccessorImpl.invoke0(Native Method)
	at sun.reflect.NativeMethodAccessorImpl.invoke(NativeMethodAccessorImpl.java:57)
	at sun.reflect.DelegatingMethodAccessorImpl.invoke(DelegatingMethodAccessorImpl.java:43)
	at java.lang.reflect.Method.invoke(Method.java:601)
	at org.testng.internal.MethodInvocationHelper.invokeMethod(MethodInvocationHelper.java:80)
	at org.testng.internal.Invoker.invokeMethod(Invoker.java:714)
	at org.testng.internal.Invoker.invokeTestMethod(Invoker.java:901)
	at org.testng.internal.Invoker.invokeTestMethods(Invoker.java:1231)
	at org.testng.internal.TestMethodWorker.invokeTestMethods(TestMethodWorker.java:127)
	at org.testng.internal.TestMethodWorker.run(TestMethodWorker.java:111)
	at org.testng.TestRunner.privateRun(TestRunner.java:767)
	at org.testng.TestRunner.run(TestRunner.java:617)
	at org.testng.SuiteRunner.runTest(SuiteRunner.java:334)
	at org.testng.SuiteRunner.runSequentially(SuiteRunner.java:329)
	at org.testng.SuiteRunner.privateRun(SuiteRunner.java:291)
	at org.testng.SuiteRunner.run(SuiteRunner.java:240)
	at org.testng.SuiteRunnerWorker.runSuite(SuiteRunnerWorker.java:52)
	at org.testng.SuiteRunnerWorker.run(SuiteRunnerWorker.java:86)
	at org.testng.TestNG.runSuitesSequentially(TestNG.java:1198)
	at org.testng.TestNG.runSuitesLocally(TestNG.java:1123)
	at org.testng.TestNG.run(TestNG.java:1031)
	at org.apache.maven.surefire.testng.TestNGExecutor.run(TestNGExecutor.java:178)
	at org.apache.maven.surefire.testng.TestNGXmlTestSuite.execute(TestNGXmlTestSuite.java:92)
	at org.apache.maven.surefire.testng.TestNGProvider.invoke(TestNGProvider.java:96)
	at sun.reflect.NativeMethodAccessorImpl.invoke0(Native Method)
	at sun.reflect.NativeMethodAccessorImpl.invoke(NativeMethodAccessorImpl.java:57)
	at sun.reflect.DelegatingMethodAccessorImpl.invoke(DelegatingMethodAccessorImpl.java:43)
	at java.lang.reflect.Method.invoke(Method.java:601)
	at org.apache.maven.surefire.util.ReflectionUtils.invokeMethodWithArray(ReflectionUtils.java:189)
	at org.apache.maven.surefire.booter.ProviderFactory$ProviderProxy.invoke(ProviderFactory.java:165)
	at org.apache.maven.surefire.booter.ProviderFactory.invokeProvider(ProviderFactory.java:85)
	at org.apache.maven.surefire.booter.ForkedBooter.runSuitesInProcess(ForkedBooter.java:115)
	at org.apache.maven.surefire.booter.ForkedBooter.main(ForkedBooter.java:75)
Caused by: org.openqa.selenium.remote.ErrorHandler$UnknownServerException: The given selector //a[@class='x-tree-node-anchor']/span[contains(text(),јвто и мото')] is either invalid or does not result in a WebElement. The following error occurred:
[InvalidSelectorError] Unable to locate an element with the xpath expression //a[@class='x-tree-node-anchor']/span[contains(text(),јвто и мото')] because of the following error:
[Exception... "The expression is not a legal expression."  code: "12" nsresult: "0x805b0033 (SyntaxError)"  location: "file:///C:/Windows/TEMP/anonymous3870395526119844890webdriver-profile/extensions/fxdriver@googlecode.com/components/driver_component.js Line: 2776"]
Build info: version: '2.25.0', revision: '17482', time: '2012-07-18 22:18:01'
System info: os.name: 'Windows 7', os.arch: 'x86', os.version: '6.1', java.version: '1.7.0'
Driver info: driver.version: unknown
	at <anonymous class>.<anonymous method>(file:///C:/Windows/TEMP/anonymous3870395526119844890webdriver-profile/extensions/fxdriver@googlecode.com/components/driver_component.js:6582)
	at <anonymous class>.<anonymous method>(file:///C:/Windows/TEMP/anonymous3870395526119844890webdriver-profile/extensions/fxdriver@googlecode.com/components/driver_component.js:6611)
	at <anonymous class>.<anonymous method>(file:///C:/Windows/TEMP/anonymous3870395526119844890webdriver-profile/extensions/fxdriver@googlecode.com/components/driver_component.js:6615)
	at <anonymous class>.<anonymous method>(file:///C:/Windows/TEMP/anonymous3870395526119844890webdriver-profile/extensions/fxdriver@googlecode.com/components/command_processor.js:10131)
	at <anonymous class>.<anonymous method>(file:///C:/Windows/TEMP/anonymous3870395526119844890webdriver-profile/extensions/fxdriver@googlecode.com/components/command_processor.js:10136)
	at <anonymous class>.<anonymous method>(file:///C:/Windows/TEMP/anonymous3870395526119844890webdriver-profile/extensions/fxdriver@googlecode.com/components/command_processor.js:10074)
]]>
    </failure>
  </testcase> <!-- TestStart -->
</testsuite> <!-- pack_test.TestCount -->
