<?xml version="1.0" encoding="UTF-8"?>
<testng-results skipped="0" failed="1" total="1" passed="0">
  <reporter-output>
  </reporter-output>
  <suite name="Default suite" duration-ms="86871" started-at="2012-11-13T13:56:36Z" finished-at="2012-11-13T13:58:03Z">
    <groups>
    </groups>
    <test name="Default test" duration-ms="86871" started-at="2012-11-13T13:56:36Z" finished-at="2012-11-13T13:58:03Z">
      <class name="pack_test.TestCount">
        <test-method status="PASS" signature="befTest()[pri:0, instance:pack_test.TestCount@d26e27]" name="befTest" is-config="true" duration-ms="16" started-at="2012-11-13T17:56:36Z" finished-at="2012-11-13T17:56:36Z">
          <reporter-output>
          </reporter-output>
        </test-method> <!-- befTest -->
        <test-method status="FAIL" signature="TestStart()[pri:0, instance:pack_test.TestCount@d26e27]" name="TestStart" duration-ms="86839" started-at="2012-11-13T17:56:36Z" finished-at="2012-11-13T17:58:03Z">
          <exception class="org.openqa.selenium.ElementNotVisibleException">
            <message>
              <![CDATA[Element is not currently visible and so may not be interacted with
Command duration or timeout: 10.06 seconds
Build info: version: '2.25.0', revision: '17482', time: '2012-07-18 21:09:54'
System info: os.name: 'Windows XP', os.arch: 'x86', os.version: '5.1', java.version: '1.7.0_03'
Driver info: driver.version: RemoteWebDriver
Session ID: 487713af-9c03-4a27-ae15-c2b8b697e73f]]>
            </message>
            <full-stacktrace>
              <![CDATA[org.openqa.selenium.ElementNotVisibleException: Element is not currently visible and so may not be interacted with
Command duration or timeout: 10.06 seconds
Build info: version: '2.25.0', revision: '17482', time: '2012-07-18 21:09:54'
System info: os.name: 'Windows XP', os.arch: 'x86', os.version: '5.1', java.version: '1.7.0_03'
Driver info: driver.version: RemoteWebDriver
Session ID: 487713af-9c03-4a27-ae15-c2b8b697e73f
	at sun.reflect.NativeConstructorAccessorImpl.newInstance0(Native Method)
	at sun.reflect.NativeConstructorAccessorImpl.newInstance(NativeConstructorAccessorImpl.java:57)
	at sun.reflect.DelegatingConstructorAccessorImpl.newInstance(DelegatingConstructorAccessorImpl.java:45)
	at java.lang.reflect.Constructor.newInstance(Constructor.java:525)
	at org.openqa.selenium.remote.ErrorHandler.createThrowable(ErrorHandler.java:188)
	at org.openqa.selenium.remote.ErrorHandler.throwIfResponseFailed(ErrorHandler.java:145)
	at org.openqa.selenium.remote.RemoteWebDriver.execute(RemoteWebDriver.java:498)
	at org.openqa.selenium.remote.RemoteWebElement.execute(RemoteWebElement.java:244)
	at org.openqa.selenium.remote.RemoteWebElement.click(RemoteWebElement.java:77)
	at sun.reflect.NativeMethodAccessorImpl.invoke0(Native Method)
	at sun.reflect.NativeMethodAccessorImpl.invoke(NativeMethodAccessorImpl.java:57)
	at sun.reflect.DelegatingMethodAccessorImpl.invoke(DelegatingMethodAccessorImpl.java:43)
	at java.lang.reflect.Method.invoke(Method.java:601)
	at org.openqa.selenium.support.pagefactory.internal.LocatingElementHandler.invoke(LocatingElementHandler.java:41)
	at $Proxy8.click(Unknown Source)
	at pack_page.Page_Stargate.OpenFormCreatePremium(Page_Stargate.java:198)
	at pack_test.TestCount.TestStart(TestCount.java:41)
	at sun.reflect.NativeMethodAccessorImpl.invoke0(Native Method)
	at sun.reflect.NativeMethodAccessorImpl.invoke(NativeMethodAccessorImpl.java:57)
	at sun.reflect.DelegatingMethodAccessorImpl.invoke(DelegatingMethodAccessorImpl.java:43)
	at java.lang.reflect.Method.invoke(Method.java:601)
	at org.testng.internal.MethodInvocationHelper.invokeMethod(MethodInvocationHelper.java:80)
	at org.testng.internal.Invoker.invokeMethod(Invoker.java:714)
	at org.testng.internal.Invoker.invokeTestMethod(Invoker.java:901)
	at org.testng.internal.Invoker.invokeTestMethods(Invoker.java:1231)
	at org.testng.internal.TestMethodWorker.invokeTestMethods(TestMethodWorker.java:127)
	at org.testng.internal.TestMethodWorker.run(TestMethodWorker.java:111)
	at org.testng.TestRunner.privateRun(TestRunner.java:767)
	at org.testng.TestRunner.run(TestRunner.java:617)
	at org.testng.SuiteRunner.runTest(SuiteRunner.java:334)
	at org.testng.SuiteRunner.runSequentially(SuiteRunner.java:329)
	at org.testng.SuiteRunner.privateRun(SuiteRunner.java:291)
	at org.testng.SuiteRunner.run(SuiteRunner.java:240)
	at org.testng.SuiteRunnerWorker.runSuite(SuiteRunnerWorker.java:52)
	at org.testng.SuiteRunnerWorker.run(SuiteRunnerWorker.java:86)
	at org.testng.TestNG.runSuitesSequentially(TestNG.java:1197)
	at org.testng.TestNG.runSuitesLocally(TestNG.java:1122)
	at org.testng.TestNG.run(TestNG.java:1030)
	at org.testng.remote.RemoteTestNG.run(RemoteTestNG.java:111)
	at org.testng.remote.RemoteTestNG.initAndRun(RemoteTestNG.java:204)
	at org.testng.remote.RemoteTestNG.main(RemoteTestNG.java:175)
Caused by: org.openqa.selenium.remote.ErrorHandler$UnknownServerException: Element is not currently visible and so may not be interacted with
Build info: version: '2.25.0', revision: '17482', time: '2012-07-18 21:09:54'
System info: os.name: 'Windows XP', os.arch: 'x86', os.version: '5.1', java.version: '1.7.0_03'
Driver info: driver.version: unknown
	at <anonymous class>.<anonymous method>(file:///C:/DOCUME~1/dsobol/LOCALS~1/Temp/anonymous7778242850239683831webdriver-profile/extensions/fxdriver@googlecode.com/components/command_processor.js:5908)
	at <anonymous class>.<anonymous method>(file:///C:/DOCUME~1/dsobol/LOCALS~1/Temp/anonymous7778242850239683831webdriver-profile/extensions/fxdriver@googlecode.com/components/command_processor.js:10110)
	at <anonymous class>.<anonymous method>(file:///C:/DOCUME~1/dsobol/LOCALS~1/Temp/anonymous7778242850239683831webdriver-profile/extensions/fxdriver@googlecode.com/components/command_processor.js:10131)
	at <anonymous class>.<anonymous method>(file:///C:/DOCUME~1/dsobol/LOCALS~1/Temp/anonymous7778242850239683831webdriver-profile/extensions/fxdriver@googlecode.com/components/command_processor.js:399)
]]>
            </full-stacktrace>
          </exception> <!-- org.openqa.selenium.ElementNotVisibleException -->
          <reporter-output>
          </reporter-output>
        </test-method> <!-- TestStart -->
        <test-method status="PASS" signature="aftTest()[pri:0, instance:pack_test.TestCount@d26e27]" name="aftTest" is-config="true" duration-ms="0" started-at="2012-11-13T17:58:03Z" finished-at="2012-11-13T17:58:03Z">
          <reporter-output>
          </reporter-output>
        </test-method> <!-- aftTest -->
      </class> <!-- pack_test.TestCount -->
    </test> <!-- Default test -->
  </suite> <!-- Default suite -->
</testng-results>
